<?xml version="1.0" encoding="UTF-8"?>
<!-- Generated by org.testng.reporters.JUnitReportReporter -->
<testsuite hostname="LAPTOP-DLE01V7J" failures="0" tests="1" name="Soap.restRunner" time="9.947" errors="0" timestamp="2024-02-16T14:24:46 IST" skipped="0">
  <testcase classname="Soap.restRunner" name="SoapTest" time="9.947"/>
  <system-out/>
</testsuite> <!-- Soap.restRunner -->
