<?xml version="1.0" encoding="UTF-8"?>
<!-- Generated by org.testng.reporters.JUnitReportReporter -->
<testsuite hostname="LAPTOP-DLE01V7J" failures="0" tests="1" name="Soap.restRunner2" time="14.172" errors="0" timestamp="2024-02-16T15:14:17 IST" skipped="0">
  <testcase classname="Soap.restRunner2" name="RestTest2" time="14.172"/>
  <system-out/>
</testsuite> <!-- Soap.restRunner2 -->
