<?xml version="1.0" encoding="UTF-8"?>
<!-- Generated by org.testng.reporters.JUnitReportReporter -->
<testsuite hostname="LAPTOP-DLE01V7J" failures="0" tests="1" name="Soap.testRunner2" time="7.989" errors="0" timestamp="2024-02-17T00:23:51 IST" skipped="0">
  <testcase classname="Soap.testRunner2" name="SoapTest" time="7.989"/>
  <system-out/>
</testsuite> <!-- Soap.testRunner2 -->
