<?xml version="1.0" encoding="UTF-8"?>
<!-- Generated by org.testng.reporters.JUnitReportReporter -->
<testsuite hostname="LAPTOP-DLE01V7J" failures="0" tests="1" name="Rest.restRunner2" time="4.208" errors="0" timestamp="2024-02-17T00:23:51 IST" skipped="0">
  <testcase classname="Rest.restRunner2" name="RestTest2" time="4.208"/>
  <system-out/>
</testsuite> <!-- Rest.restRunner2 -->
